[0117/235053.732:ERROR:entry_impl.cc(1076)] No file for 80000001
[0117/235054.598:ERROR:entry_impl.cc(1076)] No file for 80000005
[0117/235054.600:ERROR:entry_impl.cc(1076)] No file for 80000014
[0117/235054.600:ERROR:entry_impl.cc(1076)] No file for 80000016
[0117/235054.602:ERROR:entry_impl.cc(1076)] No file for 80000019
[0117/235054.764:ERROR:entry_impl.cc(1076)] No file for 80000008
[0117/235054.765:ERROR:entry_impl.cc(1076)] No file for 80000009
[0117/235054.766:ERROR:entry_impl.cc(1076)] No file for 80000007
[0117/235054.767:ERROR:entry_impl.cc(1076)] No file for 80000006
[0117/235054.769:ERROR:entry_impl.cc(1076)] No file for 8000000a
[0117/235054.875:ERROR:entry_impl.cc(1076)] No file for 80000004
[0117/235054.876:ERROR:entry_impl.cc(1076)] No file for 80000003
[0117/235054.976:ERROR:entry_impl.cc(1076)] No file for 8000000b
[0117/235054.977:ERROR:entry_impl.cc(1076)] No file for 8000000f
[0117/235054.977:ERROR:entry_impl.cc(1076)] No file for 8000000d
[0117/235054.977:ERROR:entry_impl.cc(1076)] No file for 8000000c
[0117/235054.978:ERROR:entry_impl.cc(1076)] No file for 8000000e
[0117/235054.978:ERROR:entry_impl.cc(1076)] No file for 80000010
[0117/235055.145:ERROR:entry_impl.cc(1076)] No file for 80000013
[0117/235055.146:ERROR:entry_impl.cc(1076)] No file for 80000017
[0117/235055.148:ERROR:entry_impl.cc(1076)] No file for 80000012
[0117/235055.149:ERROR:entry_impl.cc(1076)] No file for 80000015
[0117/235055.155:ERROR:entry_impl.cc(1076)] No file for 80000018
[0117/235055.156:ERROR:entry_impl.cc(1076)] No file for 8000001a
[0117/235055.182:ERROR:entry_impl.cc(1076)] No file for 80000011
[0117/235055.298:ERROR:entry_impl.cc(1076)] No file for 8000001d
[0117/235055.298:ERROR:entry_impl.cc(1076)] No file for 8000003b
[0117/235055.298:ERROR:entry_impl.cc(1076)] No file for 80000040
[0117/235055.298:ERROR:entry_impl.cc(1076)] No file for 8000003d
[0117/235055.298:ERROR:entry_impl.cc(1076)] No file for 80000041
[0117/235055.299:ERROR:entry_impl.cc(1076)] No file for 80000042
[0117/235055.299:ERROR:entry_impl.cc(1076)] No file for 80000020
[0117/235055.299:ERROR:entry_impl.cc(1076)] No file for 80000047
[0117/235055.299:ERROR:entry_impl.cc(1076)] No file for 80000048
[0117/235055.303:ERROR:entry_impl.cc(1076)] No file for 80000049
[0117/235055.303:ERROR:entry_impl.cc(1076)] No file for 8000004a
[0117/235055.303:ERROR:entry_impl.cc(1076)] No file for 8000004b
[0117/235055.305:ERROR:entry_impl.cc(1076)] No file for 80000025
[0117/235055.310:ERROR:entry_impl.cc(1076)] No file for 8000002f
[0117/235055.310:ERROR:entry_impl.cc(1076)] No file for 8000003a
[0117/235055.310:ERROR:entry_impl.cc(1076)] No file for 8000004f
[0117/235055.310:ERROR:entry_impl.cc(1076)] No file for 80000051
[0117/235055.312:ERROR:entry_impl.cc(1076)] No file for 8000002b
[0117/235055.312:ERROR:entry_impl.cc(1076)] No file for 80000024
[0117/235055.312:ERROR:entry_impl.cc(1076)] No file for 8000002d
[0117/235055.313:ERROR:entry_impl.cc(1076)] No file for 80000036
[0117/235055.314:ERROR:entry_impl.cc(1076)] No file for 80000031
[0117/235055.314:ERROR:entry_impl.cc(1076)] No file for 8000002e
[0117/235055.318:ERROR:entry_impl.cc(1076)] No file for 8000001b
[0117/235055.318:ERROR:entry_impl.cc(1076)] No file for 8000001c
[0117/235055.319:ERROR:entry_impl.cc(1076)] No file for 80000033
[0117/235055.327:ERROR:entry_impl.cc(1076)] No file for 80000030
[0117/235055.429:ERROR:entry_impl.cc(1076)] No file for 8000004d
[0117/235055.430:ERROR:entry_impl.cc(1076)] No file for 80000022
[0117/235055.430:ERROR:entry_impl.cc(1076)] No file for 8000002a
[0117/235055.430:ERROR:entry_impl.cc(1076)] No file for 8000002c
[0117/235055.430:ERROR:entry_impl.cc(1076)] No file for 80000028
[0117/235055.822:ERROR:entry_impl.cc(1076)] No file for 8000001f
[0117/235055.822:ERROR:entry_impl.cc(1076)] No file for 8000001e
[0117/235055.822:ERROR:entry_impl.cc(1076)] No file for 80000023
[0117/235055.822:ERROR:entry_impl.cc(1076)] No file for 80000027
[0117/235055.822:ERROR:entry_impl.cc(1076)] No file for 80000021
[0117/235055.822:ERROR:entry_impl.cc(1076)] No file for 80000026
[0117/235055.823:ERROR:entry_impl.cc(1076)] No file for 80000029
[0228/162243.926:ERROR:entry_impl.cc(1076)] No file for 80000058
[0228/162243.975:ERROR:entry_impl.cc(1076)] No file for 8000006f
[0228/162247.374:ERROR:entry_impl.cc(1076)] No file for 800000a7
[0228/162247.385:ERROR:entry_impl.cc(1076)] No file for 800000ac
[0228/162247.416:ERROR:entry_impl.cc(1076)] No file for 80000044
[0228/162247.421:ERROR:entry_impl.cc(1076)] No file for 80000037
[0228/162247.421:ERROR:entry_impl.cc(1076)] No file for 8000003f
[0228/162247.422:ERROR:entry_impl.cc(1076)] No file for 80000038
[0228/162247.430:ERROR:entry_impl.cc(1076)] No file for 8000003e
[0228/162247.430:ERROR:entry_impl.cc(1076)] No file for 8000004e
[0228/162247.431:ERROR:entry_impl.cc(1076)] No file for 80000043
[0228/162247.435:ERROR:entry_impl.cc(1076)] No file for 80000039
[0228/162247.436:ERROR:entry_impl.cc(1076)] No file for 80000053
[0228/162247.437:ERROR:entry_impl.cc(1076)] No file for 80000054
[0228/162247.438:ERROR:entry_impl.cc(1076)] No file for 80000055
[0228/162247.441:ERROR:entry_impl.cc(1076)] No file for 80000057
[0228/162247.441:ERROR:entry_impl.cc(1076)] No file for 80000046
[0228/162247.442:ERROR:entry_impl.cc(1076)] No file for 80000059
[0228/162247.446:ERROR:entry_impl.cc(1076)] No file for 8000005b
[0228/162247.446:ERROR:entry_impl.cc(1076)] No file for 8000005c
[0228/162247.446:ERROR:entry_impl.cc(1076)] No file for 8000005a
[0228/162247.455:ERROR:entry_impl.cc(1076)] No file for 8000005f
[0228/162247.455:ERROR:entry_impl.cc(1076)] No file for 8000005e
[0228/162247.455:ERROR:entry_impl.cc(1076)] No file for 8000005d
[0228/162247.458:ERROR:entry_impl.cc(1076)] No file for 80000061
[0228/162247.458:ERROR:entry_impl.cc(1076)] No file for 80000060
[0228/162247.458:ERROR:entry_impl.cc(1076)] No file for 80000062
[0228/162247.462:ERROR:entry_impl.cc(1076)] No file for 80000063
[0228/162247.464:ERROR:entry_impl.cc(1076)] No file for 8000003c
[0228/162247.475:ERROR:entry_impl.cc(1076)] No file for 80000045
[0228/162247.475:ERROR:entry_impl.cc(1076)] No file for 8000004c
[0228/162247.476:ERROR:entry_impl.cc(1076)] No file for 80000050
[0228/162247.477:ERROR:entry_impl.cc(1076)] No file for 80000052
[0228/162247.561:ERROR:entry_impl.cc(1076)] No file for 80000064
[0228/162247.588:ERROR:entry_impl.cc(1076)] No file for 80000065
[0228/162247.588:ERROR:entry_impl.cc(1076)] No file for 80000067
[0228/162247.589:ERROR:entry_impl.cc(1076)] No file for 80000069
[0228/162247.589:ERROR:entry_impl.cc(1076)] No file for 8000006a
[0228/162247.592:ERROR:entry_impl.cc(1076)] No file for 80000070
[0228/162247.593:ERROR:entry_impl.cc(1076)] No file for 80000071
[0228/162247.593:ERROR:entry_impl.cc(1076)] No file for 80000072
[0228/162247.593:ERROR:entry_impl.cc(1076)] No file for 80000073
[0228/162247.603:ERROR:entry_impl.cc(1076)] No file for 80000076
[0228/162247.603:ERROR:entry_impl.cc(1076)] No file for 80000075
[0228/162247.604:ERROR:entry_impl.cc(1076)] No file for 80000032
[0228/162247.604:ERROR:entry_impl.cc(1076)] No file for 8000006b
[0228/162247.604:ERROR:entry_impl.cc(1076)] No file for 8000006d
[0228/162247.606:ERROR:entry_impl.cc(1076)] No file for 80000078
[0228/162247.607:ERROR:entry_impl.cc(1076)] No file for 80000079
[0228/162247.607:ERROR:entry_impl.cc(1076)] No file for 8000007a
[0228/162247.607:ERROR:entry_impl.cc(1076)] No file for 8000007b
[0228/162247.607:ERROR:entry_impl.cc(1076)] No file for 8000007d
[0228/162247.609:ERROR:entry_impl.cc(1076)] No file for 8000007f
[0228/162247.609:ERROR:entry_impl.cc(1076)] No file for 80000080
[0228/162247.610:ERROR:entry_impl.cc(1076)] No file for 80000081
[0228/162247.610:ERROR:entry_impl.cc(1076)] No file for 80000082
[0228/162247.611:ERROR:entry_impl.cc(1076)] No file for 8000006e
[0228/162247.613:ERROR:entry_impl.cc(1076)] No file for 80000083
[0228/162247.613:ERROR:entry_impl.cc(1076)] No file for 80000084
[0228/162247.613:ERROR:entry_impl.cc(1076)] No file for 80000085
[0228/162247.613:ERROR:entry_impl.cc(1076)] No file for 80000086
[0228/162247.615:ERROR:entry_impl.cc(1076)] No file for 80000087
[0228/162247.617:ERROR:entry_impl.cc(1076)] No file for 80000088
[0228/162247.617:ERROR:entry_impl.cc(1076)] No file for 800000e0
[0228/162247.617:ERROR:entry_impl.cc(1076)] No file for 80000089
[0228/162247.618:ERROR:entry_impl.cc(1076)] No file for 8000008a
[0228/162247.620:ERROR:entry_impl.cc(1076)] No file for 8000008b
[0228/162247.621:ERROR:entry_impl.cc(1076)] No file for 8000008c
[0228/162247.621:ERROR:entry_impl.cc(1076)] No file for 8000008d
[0228/162247.622:ERROR:entry_impl.cc(1076)] No file for 8000008e
[0228/162247.622:ERROR:entry_impl.cc(1076)] No file for 8000008f
[0228/162247.624:ERROR:entry_impl.cc(1076)] No file for 80000090
[0228/162247.626:ERROR:entry_impl.cc(1076)] No file for 80000091
[0228/162247.626:ERROR:entry_impl.cc(1076)] No file for 80000092
[0228/162247.627:ERROR:entry_impl.cc(1076)] No file for 80000093
[0228/162247.627:ERROR:entry_impl.cc(1076)] No file for 80000094
[0228/162247.630:ERROR:entry_impl.cc(1076)] No file for 80000095
[0228/162247.630:ERROR:entry_impl.cc(1076)] No file for 80000035
[0228/162247.632:ERROR:entry_impl.cc(1076)] No file for 80000096
[0228/162247.633:ERROR:entry_impl.cc(1076)] No file for 80000097
[0228/162247.634:ERROR:entry_impl.cc(1076)] No file for 80000098
[0228/162247.635:ERROR:entry_impl.cc(1076)] No file for 80000099
[0228/162247.635:ERROR:entry_impl.cc(1076)] No file for 8000009a
[0228/162247.637:ERROR:entry_impl.cc(1076)] No file for 8000009b
[0228/162247.638:ERROR:entry_impl.cc(1076)] No file for 8000009c
[0228/162247.638:ERROR:entry_impl.cc(1076)] No file for 8000009d
[0228/162247.639:ERROR:entry_impl.cc(1076)] No file for 8000009e
[0228/162247.639:ERROR:entry_impl.cc(1076)] No file for 8000009f
[0228/162247.640:ERROR:entry_impl.cc(1076)] No file for 800000a0
[0228/162247.641:ERROR:entry_impl.cc(1076)] No file for 800000a2
[0228/162247.642:ERROR:entry_impl.cc(1076)] No file for 800000a3
[0228/162247.643:ERROR:entry_impl.cc(1076)] No file for 800000a4
[0228/162247.643:ERROR:entry_impl.cc(1076)] No file for 800000a5
[0228/162247.644:ERROR:entry_impl.cc(1076)] No file for 80000077
[0228/162247.645:ERROR:entry_impl.cc(1076)] No file for 800000a6
[0228/162247.646:ERROR:entry_impl.cc(1076)] No file for 800000a8
[0228/162247.647:ERROR:entry_impl.cc(1076)] No file for 800000a9
[0228/162247.648:ERROR:entry_impl.cc(1076)] No file for 800000aa
[0228/162247.648:ERROR:entry_impl.cc(1076)] No file for 800000ab
[0228/162247.648:ERROR:entry_impl.cc(1076)] No file for 800000ad
[0228/162247.651:ERROR:entry_impl.cc(1076)] No file for 8000007c
[0228/162247.652:ERROR:entry_impl.cc(1076)] No file for 800000ae
[0228/162247.652:ERROR:entry_impl.cc(1076)] No file for 800000af
[0228/162247.654:ERROR:entry_impl.cc(1076)] No file for 800000b1
[0228/162247.654:ERROR:entry_impl.cc(1076)] No file for 800000b2
[0228/162247.657:ERROR:entry_impl.cc(1076)] No file for 800000b3
[0228/162247.658:ERROR:entry_impl.cc(1076)] No file for 800000b5
[0228/162247.658:ERROR:entry_impl.cc(1076)] No file for 800000b4
[0228/162247.659:ERROR:entry_impl.cc(1076)] No file for 800000b6
[0228/162247.660:ERROR:entry_impl.cc(1076)] No file for 800000b9
[0228/162247.673:ERROR:entry_impl.cc(1076)] No file for 800000bb
[0228/162247.673:ERROR:entry_impl.cc(1076)] No file for 800000ba
[0228/162247.673:ERROR:entry_impl.cc(1076)] No file for 800000bc
[0228/162247.674:ERROR:entry_impl.cc(1076)] No file for 800000bd
[0228/162247.676:ERROR:entry_impl.cc(1076)] No file for 800000bf
[0228/162247.677:ERROR:entry_impl.cc(1076)] No file for 800000be
[0228/162247.677:ERROR:entry_impl.cc(1076)] No file for 800000c0
[0228/162247.678:ERROR:entry_impl.cc(1076)] No file for 800000c1
[0228/162247.678:ERROR:entry_impl.cc(1076)] No file for 80000034
[0228/162247.678:ERROR:entry_impl.cc(1076)] No file for 800000c2
[0228/162247.680:ERROR:entry_impl.cc(1076)] No file for 800000c3
[0228/162247.680:ERROR:entry_impl.cc(1076)] No file for 800000c6
[0228/162247.680:ERROR:entry_impl.cc(1076)] No file for 800000c5
[0228/162247.682:ERROR:entry_impl.cc(1076)] No file for 800000c7
[0228/162247.682:ERROR:entry_impl.cc(1076)] No file for 800000c8
[0228/162247.682:ERROR:entry_impl.cc(1076)] No file for 800000c9
[0228/162247.684:ERROR:entry_impl.cc(1076)] No file for 800000a1
[0228/162247.684:ERROR:entry_impl.cc(1076)] No file for 800000ca
[0228/162247.685:ERROR:entry_impl.cc(1076)] No file for 800000cb
[0228/162247.685:ERROR:entry_impl.cc(1076)] No file for 800000cc
[0228/162247.687:ERROR:entry_impl.cc(1076)] No file for 800000cd
[0228/162247.687:ERROR:entry_impl.cc(1076)] No file for 800000ce
[0228/162247.687:ERROR:entry_impl.cc(1076)] No file for 800000cf
[0228/162247.690:ERROR:entry_impl.cc(1076)] No file for 800000d0
[0228/162247.690:ERROR:entry_impl.cc(1076)] No file for 800000d1
[0228/162247.690:ERROR:entry_impl.cc(1076)] No file for 800000d2
[0228/162247.690:ERROR:entry_impl.cc(1076)] No file for 800000d3
[0228/162247.693:ERROR:entry_impl.cc(1076)] No file for 800000d4
[0228/162247.694:ERROR:entry_impl.cc(1076)] No file for 800000d5
[0228/162247.694:ERROR:entry_impl.cc(1076)] No file for 800000d6
[0228/162247.694:ERROR:entry_impl.cc(1076)] No file for 800000d7
[0228/162247.696:ERROR:entry_impl.cc(1076)] No file for 800000d8
[0228/162247.696:ERROR:entry_impl.cc(1076)] No file for 800000da
[0228/162247.697:ERROR:entry_impl.cc(1076)] No file for 800000db
[0228/162247.699:ERROR:entry_impl.cc(1076)] No file for 800000dc
[0228/162247.699:ERROR:entry_impl.cc(1076)] No file for 800000dd
[0228/162247.699:ERROR:entry_impl.cc(1076)] No file for 800000e1
[0228/162247.699:ERROR:entry_impl.cc(1076)] No file for 800000e2
[0228/162247.699:ERROR:entry_impl.cc(1076)] No file for 800000b0
[0228/162247.700:ERROR:entry_impl.cc(1076)] No file for 800000e3
[0228/162247.702:ERROR:entry_impl.cc(1076)] No file for 800000e4
[0228/162247.702:ERROR:entry_impl.cc(1076)] No file for 800000e5
[0228/162247.703:ERROR:entry_impl.cc(1076)] No file for 800000e7
[0228/162247.703:ERROR:entry_impl.cc(1076)] No file for 800000e8
[0228/162247.703:ERROR:entry_impl.cc(1076)] No file for 800000ea
[0228/162247.704:ERROR:entry_impl.cc(1076)] No file for 800000eb
[0228/162247.706:ERROR:entry_impl.cc(1076)] No file for 800000ed
[0228/162247.706:ERROR:entry_impl.cc(1076)] No file for 800000ee
[0228/162247.706:ERROR:entry_impl.cc(1076)] No file for 800000f1
[0228/162247.708:ERROR:entry_impl.cc(1076)] No file for 800000f0
[0228/162247.708:ERROR:entry_impl.cc(1076)] No file for 800000f2
[0228/162247.708:ERROR:entry_impl.cc(1076)] No file for 800000f5
[0228/162247.709:ERROR:entry_impl.cc(1076)] No file for 800000f4
[0228/162247.709:ERROR:entry_impl.cc(1076)] No file for 800000f6
[0228/162247.709:ERROR:entry_impl.cc(1076)] No file for 800000f7
[0228/162247.711:ERROR:entry_impl.cc(1076)] No file for 800000f9
[0228/162247.712:ERROR:entry_impl.cc(1076)] No file for 800000fb
[0228/162247.713:ERROR:entry_impl.cc(1076)] No file for 800000fa
[0228/162247.713:ERROR:entry_impl.cc(1076)] No file for 800000fc
[0228/162247.713:ERROR:entry_impl.cc(1076)] No file for 800000fd
[0228/162247.715:ERROR:entry_impl.cc(1076)] No file for 800000fe
[0228/162247.716:ERROR:entry_impl.cc(1076)] No file for 800000ff
[0228/162247.716:ERROR:entry_impl.cc(1076)] No file for 80000100
[0228/162247.743:ERROR:entry_impl.cc(1076)] No file for 800000e6
[0228/162247.748:ERROR:entry_impl.cc(1076)] No file for 800000f3
[0228/162247.752:ERROR:entry_impl.cc(1076)] No file for 800000f8
[0228/162249.264:ERROR:entry_impl.cc(1076)] No file for 80000074
[0228/162251.112:ERROR:entry_impl.cc(1076)] No file for 800000b8
[0228/162251.112:ERROR:entry_impl.cc(1076)] No file for 80000106
[0228/162251.271:ERROR:entry_impl.cc(1076)] No file for 8000010f
[0228/162251.271:ERROR:entry_impl.cc(1076)] No file for 8000010c
[0228/162251.272:ERROR:entry_impl.cc(1076)] No file for 8000010e
[0228/162251.272:ERROR:entry_impl.cc(1076)] No file for 800000ef
[0228/162251.274:ERROR:entry_impl.cc(1076)] No file for 80000110
[0228/162251.274:ERROR:entry_impl.cc(1076)] No file for 80000107
[0228/162251.275:ERROR:entry_impl.cc(1076)] No file for 80000104
[0228/162251.275:ERROR:entry_impl.cc(1076)] No file for 80000109
[0228/162251.275:ERROR:entry_impl.cc(1076)] No file for 80000139
[0228/162251.275:ERROR:entry_impl.cc(1076)] No file for 8000013c
[0228/162251.276:ERROR:entry_impl.cc(1076)] No file for 80000138
[0228/162251.276:ERROR:entry_impl.cc(1076)] No file for 80000137
[0228/162251.276:ERROR:entry_impl.cc(1076)] No file for 80000136
[0228/162251.277:ERROR:entry_impl.cc(1076)] No file for 8000013a
[0228/162251.283:ERROR:entry_impl.cc(1076)] No file for 800000b7
[0228/162251.450:ERROR:entry_impl.cc(1076)] No file for 800000de
[0228/162308.847:ERROR:entry_impl.cc(1076)] No file for 800000c4
[0228/162308.857:ERROR:entry_impl.cc(1076)] No file for 80000108
[0228/162308.895:ERROR:entry_impl.cc(1076)] No file for 80000102
[0228/162308.904:ERROR:entry_impl.cc(1076)] No file for 80000105
[0228/162308.912:ERROR:entry_impl.cc(1076)] No file for 8000010a
[0228/162308.921:ERROR:entry_impl.cc(1076)] No file for 80000133
[0228/162308.921:ERROR:entry_impl.cc(1076)] No file for 80000142
[0228/162308.922:ERROR:entry_impl.cc(1076)] No file for 80000144
[0228/162308.922:ERROR:entry_impl.cc(1076)] No file for 80000141
[0228/162308.939:ERROR:entry_impl.cc(1076)] No file for 8000013f
[0228/162308.941:ERROR:entry_impl.cc(1076)] No file for 80000140
[0228/162308.950:ERROR:entry_impl.cc(1076)] No file for 80000143
[0228/162401.282:ERROR:audio_rtp_receiver.cc(89)] AudioRtpReceiver::OnSetVolume: No audio channel exists.
[0228/162401.283:WARNING:used_ids.h(55)] Duplicate id found. Reassigning from 104 to 127
[0228/162401.283:WARNING:used_ids.h(55)] Duplicate id found. Reassigning from 102 to 125
[0228/162401.283:WARNING:used_ids.h(55)] Duplicate id found. Reassigning from 104 to 124
[0228/162401.283:WARNING:used_ids.h(55)] Duplicate id found. Reassigning from 106 to 123
[0228/162401.283:WARNING:used_ids.h(55)] Duplicate id found. Reassigning from 103 to 122
[0228/162401.283:WARNING:used_ids.h(55)] Duplicate id found. Reassigning from 105 to 121
[0228/162401.283:WARNING:used_ids.h(55)] Duplicate id found. Reassigning from 109 to 120
[0228/162401.283:WARNING:used_ids.h(55)] Duplicate id found. Reassigning from 1 to 14
[0228/162401.283:WARNING:used_ids.h(55)] Duplicate id found. Reassigning from 3 to 13
[0228/162401.283:WARNING:used_ids.h(55)] Duplicate id found. Reassigning from 5 to 12
[0228/162401.283:WARNING:used_ids.h(55)] Duplicate id found. Reassigning from 6 to 11
[0228/162406.936:ERROR:audio_rtp_receiver.cc(89)] AudioRtpReceiver::OnSetVolume: No audio channel exists.
[0228/162406.936:WARNING:used_ids.h(55)] Duplicate id found. Reassigning from 104 to 127
[0228/162406.936:WARNING:used_ids.h(55)] Duplicate id found. Reassigning from 102 to 125
[0228/162406.936:WARNING:used_ids.h(55)] Duplicate id found. Reassigning from 104 to 124
[0228/162406.936:WARNING:used_ids.h(55)] Duplicate id found. Reassigning from 106 to 123
[0228/162406.936:WARNING:used_ids.h(55)] Duplicate id found. Reassigning from 103 to 122
[0228/162406.936:WARNING:used_ids.h(55)] Duplicate id found. Reassigning from 105 to 121
[0228/162406.936:WARNING:used_ids.h(55)] Duplicate id found. Reassigning from 109 to 120
[0228/162406.936:WARNING:used_ids.h(55)] Duplicate id found. Reassigning from 1 to 14
[0228/162406.936:WARNING:used_ids.h(55)] Duplicate id found. Reassigning from 3 to 13
[0228/162406.936:WARNING:used_ids.h(55)] Duplicate id found. Reassigning from 5 to 12
[0228/162406.936:WARNING:used_ids.h(55)] Duplicate id found. Reassigning from 6 to 11
[0228/162425.364:ERROR:batching_media_log.cc(38)] MediaEvent: {"error":"FFmpegDemuxer: no supported streams"}
[0228/162425.364:ERROR:batching_media_log.cc(35)] MediaEvent: {"pipeline_error":14}
[0228/162426.188:ERROR:batching_media_log.cc(38)] MediaEvent: {"error":"FFmpegDemuxer: no supported streams"}
[0228/162426.188:ERROR:batching_media_log.cc(35)] MediaEvent: {"pipeline_error":14}
[0228/162703.813:ERROR:entry_impl.cc(1076)] No file for 80000273
[0228/165656.143:ERROR:entry_impl.cc(1076)] No file for 800003bb
[0228/165656.144:ERROR:entry_impl.cc(1076)] No file for 80000399
[0228/170213.050:ERROR:entry_impl.cc(1076)] No file for 8000010b
[0228/170213.659:ERROR:entry_impl.cc(1076)] No file for 8000036d
[0228/170240.946:ERROR:entry_impl.cc(1076)] No file for 8000047e
